{"timestamp": "2025-05-15T21:28:56.153242Z", "level": "info", "hostname": "ghost", "app": "obsidian-to-json", "execution_id": "7048beed-fbb6-496d-85d6-aba2164dcbaa", "status": "startup", "trigger": "manual", "env": "int", "message": "💥 Application starting"}
{"timestamp": "2025-05-15T21:28:56.158405Z", "level": "info", "hostname": "ghost", "app": "obsidian-to-json", "execution_id": "7048beed-fbb6-496d-85d6-aba2164dcbaa", "status": "scan_complete", "trigger": "manual", "env": "int", "message": "Processing result", "destination_path": "/home/ghost/argus/", "duration_sec": 0.01, "files_scanned": 71, "files_indexed": 3}
{"timestamp": "2025-05-15T21:28:56.160523Z", "level": "info", "hostname": "ghost", "app": "obsidian-to-json", "execution_id": "7048beed-fbb6-496d-85d6-aba2164dcbaa", "status": "start_processing", "trigger": "manual", "env": "int", "message": "Processing markdown file /home/ghost/argus/04-archives/03-references/automated-daily-log-creation.md"}
{"timestamp": "2025-05-15T21:28:56.162013Z", "level": "info", "hostname": "ghost", "app": "obsidian-to-json", "execution_id": "7048beed-fbb6-496d-85d6-aba2164dcbaa", "status": "start_processing", "trigger": "manual", "env": "int", "message": "Processing markdown file /home/ghost/argus/04-archives/03-references/gcloud-cheat-sheet.md"}
{"timestamp": "2025-05-15T21:28:56.162930Z", "level": "info", "hostname": "ghost", "app": "obsidian-to-json", "execution_id": "7048beed-fbb6-496d-85d6-aba2164dcbaa", "status": "start_processing", "trigger": "manual", "env": "int", "message": "Processing markdown file /home/ghost/argus/04-archives/03-references/set-up-metadata-menu.md"}
{"timestamp": "2025-05-15T21:28:56.163270Z", "level": "info", "hostname": "ghost", "app": "obsidian-to-json", "execution_id": "7048beed-fbb6-496d-85d6-aba2164dcbaa", "status": "new_section", "trigger": "manual", "env": "int", "message": "New main section: Automate the Creation of Daily Logs (DEPRECATED)"}
{"timestamp": "2025-05-15T21:28:56.163397Z", "level": "info", "hostname": "ghost", "app": "obsidian-to-json", "execution_id": "7048beed-fbb6-496d-85d6-aba2164dcbaa", "status": "capture_mode", "trigger": "manual", "env": "int", "message": "Switching capture mode to description"}
{"timestamp": "2025-05-15T21:28:56.163441Z", "level": "info", "hostname": "ghost", "app": "obsidian-to-json", "execution_id": "7048beed-fbb6-496d-85d6-aba2164dcbaa", "status": "new_subsection", "trigger": "manual", "env": "int", "message": "New subsection: Challenges & Solutions"}
{"timestamp": "2025-05-15T21:28:56.163484Z", "level": "info", "hostname": "ghost", "app": "obsidian-to-json", "execution_id": "7048beed-fbb6-496d-85d6-aba2164dcbaa", "status": "capture_mode", "trigger": "manual", "env": "int", "message": "Switching capture mode to description"}
{"timestamp": "2025-05-15T21:28:56.163525Z", "level": "info", "hostname": "ghost", "app": "obsidian-to-json", "execution_id": "7048beed-fbb6-496d-85d6-aba2164dcbaa", "status": "capture_mode", "trigger": "manual", "env": "int", "message": "Switching capture mode to code"}
{"timestamp": "2025-05-15T21:28:56.163578Z", "level": "info", "hostname": "ghost", "app": "obsidian-to-json", "execution_id": "7048beed-fbb6-496d-85d6-aba2164dcbaa", "status": "new_subsection", "trigger": "manual", "env": "int", "message": "New subsection: Create a .timer file"}
{"timestamp": "2025-05-15T21:28:56.163618Z", "level": "info", "hostname": "ghost", "app": "obsidian-to-json", "execution_id": "7048beed-fbb6-496d-85d6-aba2164dcbaa", "status": "capture_mode", "trigger": "manual", "env": "int", "message": "Switching capture mode to description"}
{"timestamp": "2025-05-15T21:28:56.163660Z", "level": "info", "hostname": "ghost", "app": "obsidian-to-json", "execution_id": "7048beed-fbb6-496d-85d6-aba2164dcbaa", "status": "capture_mode", "trigger": "manual", "env": "int", "message": "Switching capture mode to code"}
{"timestamp": "2025-05-15T21:28:56.163700Z", "level": "info", "hostname": "ghost", "app": "obsidian-to-json", "execution_id": "7048beed-fbb6-496d-85d6-aba2164dcbaa", "status": "new_subsection", "trigger": "manual", "env": "int", "message": "New subsection: Create the .service in"}
{"timestamp": "2025-05-15T21:28:56.163799Z", "level": "info", "hostname": "ghost", "app": "obsidian-to-json", "execution_id": "7048beed-fbb6-496d-85d6-aba2164dcbaa", "status": "capture_mode", "trigger": "manual", "env": "int", "message": "Switching capture mode to description"}
{"timestamp": "2025-05-15T21:28:56.163874Z", "level": "info", "hostname": "ghost", "app": "obsidian-to-json", "execution_id": "7048beed-fbb6-496d-85d6-aba2164dcbaa", "status": "capture_mode", "trigger": "manual", "env": "int", "message": "Switching capture mode to code"}
{"timestamp": "2025-05-15T21:28:56.163918Z", "level": "info", "hostname": "ghost", "app": "obsidian-to-json", "execution_id": "7048beed-fbb6-496d-85d6-aba2164dcbaa", "status": "new_subsection", "trigger": "manual", "env": "int", "message": "New subsection: Activate the new service."}
{"timestamp": "2025-05-15T21:28:56.163956Z", "level": "info", "hostname": "ghost", "app": "obsidian-to-json", "execution_id": "7048beed-fbb6-496d-85d6-aba2164dcbaa", "status": "capture_mode", "trigger": "manual", "env": "int", "message": "Switching capture mode to code"}
{"timestamp": "2025-05-15T21:28:56.163993Z", "level": "info", "hostname": "ghost", "app": "obsidian-to-json", "execution_id": "7048beed-fbb6-496d-85d6-aba2164dcbaa", "status": "new_subsection", "trigger": "manual", "env": "int", "message": "New subsection: Main process exited, code=exited, status=1/FAILURE"}
{"timestamp": "2025-05-15T21:28:56.164027Z", "level": "info", "hostname": "ghost", "app": "obsidian-to-json", "execution_id": "7048beed-fbb6-496d-85d6-aba2164dcbaa", "status": "capture_mode", "trigger": "manual", "env": "int", "message": "Switching capture mode to description"}
{"timestamp": "2025-05-15T21:28:56.164064Z", "level": "info", "hostname": "ghost", "app": "obsidian-to-json", "execution_id": "7048beed-fbb6-496d-85d6-aba2164dcbaa", "status": "capture_mode", "trigger": "manual", "env": "int", "message": "Switching capture mode to code"}
{"timestamp": "2025-05-15T21:28:56.164104Z", "level": "info", "hostname": "ghost", "app": "obsidian-to-json", "execution_id": "7048beed-fbb6-496d-85d6-aba2164dcbaa", "status": "finished_processing", "trigger": "manual", "env": "int", "message": "Finished processing markdown file /home/ghost/argus/04-archives/03-references/automated-daily-log-creation.md"}
{"timestamp": "2025-05-15T21:28:56.165534Z", "level": "info", "hostname": "ghost", "app": "obsidian-to-json", "execution_id": "7048beed-fbb6-496d-85d6-aba2164dcbaa", "status": "new_section", "trigger": "manual", "env": "int", "message": "New main section: Metadata Menu Settings"}
{"timestamp": "2025-05-15T21:28:56.165744Z", "level": "info", "hostname": "ghost", "app": "obsidian-to-json", "execution_id": "7048beed-fbb6-496d-85d6-aba2164dcbaa", "status": "new_section", "trigger": "manual", "env": "int", "message": "New main section: Google Cloud Cheat Sheet"}
{"timestamp": "2025-05-15T21:28:56.165809Z", "level": "info", "hostname": "ghost", "app": "obsidian-to-json", "execution_id": "7048beed-fbb6-496d-85d6-aba2164dcbaa", "status": "capture_mode", "trigger": "manual", "env": "int", "message": "Switching capture mode to description"}
{"timestamp": "2025-05-15T21:28:56.166018Z", "level": "info", "hostname": "ghost", "app": "obsidian-to-json", "execution_id": "7048beed-fbb6-496d-85d6-aba2164dcbaa", "status": "capture_mode", "trigger": "manual", "env": "int", "message": "Switching capture mode to description"}
{"timestamp": "2025-05-15T21:28:56.166183Z", "level": "info", "hostname": "ghost", "app": "obsidian-to-json", "execution_id": "7048beed-fbb6-496d-85d6-aba2164dcbaa", "status": "new_subsection", "trigger": "manual", "env": "int", "message": "New subsection: Class \"all\""}
{"timestamp": "2025-05-15T21:28:56.166323Z", "level": "info", "hostname": "ghost", "app": "obsidian-to-json", "execution_id": "7048beed-fbb6-496d-85d6-aba2164dcbaa", "status": "new_subsection", "trigger": "manual", "env": "int", "message": "New subsection: Getting started"}
{"timestamp": "2025-05-15T21:28:56.166426Z", "level": "info", "hostname": "ghost", "app": "obsidian-to-json", "execution_id": "7048beed-fbb6-496d-85d6-aba2164dcbaa", "status": "capture_mode", "trigger": "manual", "env": "int", "message": "Switching capture mode to description"}
{"timestamp": "2025-05-15T21:28:56.166552Z", "level": "info", "hostname": "ghost", "app": "obsidian-to-json", "execution_id": "7048beed-fbb6-496d-85d6-aba2164dcbaa", "status": "capture_mode", "trigger": "manual", "env": "int", "message": "Switching capture mode to description"}
{"timestamp": "2025-05-15T21:28:56.166681Z", "level": "info", "hostname": "ghost", "app": "obsidian-to-json", "execution_id": "7048beed-fbb6-496d-85d6-aba2164dcbaa", "status": "capture_mode", "trigger": "manual", "env": "int", "message": "Switching capture mode to bullets"}
{"timestamp": "2025-05-15T21:28:56.166809Z", "level": "info", "hostname": "ghost", "app": "obsidian-to-json", "execution_id": "7048beed-fbb6-496d-85d6-aba2164dcbaa", "status": "capture_mode", "trigger": "manual", "env": "int", "message": "Switching capture mode to commands"}
{"timestamp": "2025-05-15T21:28:56.167100Z", "level": "info", "hostname": "ghost", "app": "obsidian-to-json", "execution_id": "7048beed-fbb6-496d-85d6-aba2164dcbaa", "status": "parsed_bullets", "trigger": "manual", "env": "int", "message": "Parsed bullets block with 6 bullets"}
{"timestamp": "2025-05-15T21:28:56.167273Z", "level": "info", "hostname": "ghost", "app": "obsidian-to-json", "execution_id": "7048beed-fbb6-496d-85d6-aba2164dcbaa", "status": "parsed_commands", "trigger": "manual", "env": "int", "message": "Parsed commands block with 7 commands"}
{"timestamp": "2025-05-15T21:28:56.167382Z", "level": "info", "hostname": "ghost", "app": "obsidian-to-json", "execution_id": "7048beed-fbb6-496d-85d6-aba2164dcbaa", "status": "new_subsection", "trigger": "manual", "env": "int", "message": "New subsection: Class \"projects\""}
{"timestamp": "2025-05-15T21:28:56.167507Z", "level": "info", "hostname": "ghost", "app": "obsidian-to-json", "execution_id": "7048beed-fbb6-496d-85d6-aba2164dcbaa", "status": "new_subsection", "trigger": "manual", "env": "int", "message": "New subsection: Help"}
{"timestamp": "2025-05-15T21:28:56.167620Z", "level": "info", "hostname": "ghost", "app": "obsidian-to-json", "execution_id": "7048beed-fbb6-496d-85d6-aba2164dcbaa", "status": "capture_mode", "trigger": "manual", "env": "int", "message": "Switching capture mode to description"}
{"timestamp": "2025-05-15T21:28:56.167744Z", "level": "info", "hostname": "ghost", "app": "obsidian-to-json", "execution_id": "7048beed-fbb6-496d-85d6-aba2164dcbaa", "status": "capture_mode", "trigger": "manual", "env": "int", "message": "Switching capture mode to description"}
{"timestamp": "2025-05-15T21:28:56.167852Z", "level": "info", "hostname": "ghost", "app": "obsidian-to-json", "execution_id": "7048beed-fbb6-496d-85d6-aba2164dcbaa", "status": "capture_mode", "trigger": "manual", "env": "int", "message": "Switching capture mode to bullets"}
{"timestamp": "2025-05-15T21:28:56.167976Z", "level": "info", "hostname": "ghost", "app": "obsidian-to-json", "execution_id": "7048beed-fbb6-496d-85d6-aba2164dcbaa", "status": "capture_mode", "trigger": "manual", "env": "int", "message": "Switching capture mode to commands"}
{"timestamp": "2025-05-15T21:28:56.168088Z", "level": "info", "hostname": "ghost", "app": "obsidian-to-json", "execution_id": "7048beed-fbb6-496d-85d6-aba2164dcbaa", "status": "parsed_bullets", "trigger": "manual", "env": "int", "message": "Parsed bullets block with 0 bullets"}
{"timestamp": "2025-05-15T21:28:56.168222Z", "level": "info", "hostname": "ghost", "app": "obsidian-to-json", "execution_id": "7048beed-fbb6-496d-85d6-aba2164dcbaa", "status": "parsed_commands", "trigger": "manual", "env": "int", "message": "Parsed commands block with 3 commands"}
{"timestamp": "2025-05-15T21:28:56.168332Z", "level": "info", "hostname": "ghost", "app": "obsidian-to-json", "execution_id": "7048beed-fbb6-496d-85d6-aba2164dcbaa", "status": "new_subsection", "trigger": "manual", "env": "int", "message": "New subsection: Class \"references\""}
{"timestamp": "2025-05-15T21:28:56.168450Z", "level": "info", "hostname": "ghost", "app": "obsidian-to-json", "execution_id": "7048beed-fbb6-496d-85d6-aba2164dcbaa", "status": "new_subsection", "trigger": "manual", "env": "int", "message": "New subsection: Personalization"}
{"timestamp": "2025-05-15T21:28:56.168555Z", "level": "info", "hostname": "ghost", "app": "obsidian-to-json", "execution_id": "7048beed-fbb6-496d-85d6-aba2164dcbaa", "status": "capture_mode", "trigger": "manual", "env": "int", "message": "Switching capture mode to description"}
{"timestamp": "2025-05-15T21:28:56.168685Z", "level": "info", "hostname": "ghost", "app": "obsidian-to-json", "execution_id": "7048beed-fbb6-496d-85d6-aba2164dcbaa", "status": "capture_mode", "trigger": "manual", "env": "int", "message": "Switching capture mode to description"}
{"timestamp": "2025-05-15T21:28:56.168787Z", "level": "info", "hostname": "ghost", "app": "obsidian-to-json", "execution_id": "7048beed-fbb6-496d-85d6-aba2164dcbaa", "status": "new_subsection", "trigger": "manual", "env": "int", "message": "New subsection: Class \"tasks\""}
{"timestamp": "2025-05-15T21:28:56.168907Z", "level": "info", "hostname": "ghost", "app": "obsidian-to-json", "execution_id": "7048beed-fbb6-496d-85d6-aba2164dcbaa", "status": "capture_mode", "trigger": "manual", "env": "int", "message": "Switching capture mode to commands"}
{"timestamp": "2025-05-15T21:28:56.169009Z", "level": "info", "hostname": "ghost", "app": "obsidian-to-json", "execution_id": "7048beed-fbb6-496d-85d6-aba2164dcbaa", "status": "capture_mode", "trigger": "manual", "env": "int", "message": "Switching capture mode to description"}
{"timestamp": "2025-05-15T21:28:56.169158Z", "level": "info", "hostname": "ghost", "app": "obsidian-to-json", "execution_id": "7048beed-fbb6-496d-85d6-aba2164dcbaa", "status": "parsed_commands", "trigger": "manual", "env": "int", "message": "Parsed commands block with 6 commands"}
{"timestamp": "2025-05-15T21:28:56.169260Z", "level": "info", "hostname": "ghost", "app": "obsidian-to-json", "execution_id": "7048beed-fbb6-496d-85d6-aba2164dcbaa", "status": "new_subsection", "trigger": "manual", "env": "int", "message": "New subsection: Class \"readme.md\""}
{"timestamp": "2025-05-15T21:28:56.169376Z", "level": "info", "hostname": "ghost", "app": "obsidian-to-json", "execution_id": "7048beed-fbb6-496d-85d6-aba2164dcbaa", "status": "new_subsection", "trigger": "manual", "env": "int", "message": "New subsection: Credentials"}
{"timestamp": "2025-05-15T21:28:56.169479Z", "level": "info", "hostname": "ghost", "app": "obsidian-to-json", "execution_id": "7048beed-fbb6-496d-85d6-aba2164dcbaa", "status": "capture_mode", "trigger": "manual", "env": "int", "message": "Switching capture mode to description"}
{"timestamp": "2025-05-15T21:28:56.169605Z", "level": "info", "hostname": "ghost", "app": "obsidian-to-json", "execution_id": "7048beed-fbb6-496d-85d6-aba2164dcbaa", "status": "capture_mode", "trigger": "manual", "env": "int", "message": "Switching capture mode to description"}
{"timestamp": "2025-05-15T21:28:56.169707Z", "level": "info", "hostname": "ghost", "app": "obsidian-to-json", "execution_id": "7048beed-fbb6-496d-85d6-aba2164dcbaa", "status": "new_subsection", "trigger": "manual", "env": "int", "message": "New subsection: Class Config Locations"}
{"timestamp": "2025-05-15T21:28:56.169831Z", "level": "info", "hostname": "ghost", "app": "obsidian-to-json", "execution_id": "7048beed-fbb6-496d-85d6-aba2164dcbaa", "status": "capture_mode", "trigger": "manual", "env": "int", "message": "Switching capture mode to commands"}
{"timestamp": "2025-05-15T21:28:56.169936Z", "level": "info", "hostname": "ghost", "app": "obsidian-to-json", "execution_id": "7048beed-fbb6-496d-85d6-aba2164dcbaa", "status": "new_subsection", "trigger": "manual", "env": "int", "message": "New subsection: Parking Lot"}
{"timestamp": "2025-05-15T21:28:56.170074Z", "level": "info", "hostname": "ghost", "app": "obsidian-to-json", "execution_id": "7048beed-fbb6-496d-85d6-aba2164dcbaa", "status": "parsed_commands", "trigger": "manual", "env": "int", "message": "Parsed commands block with 5 commands"}
{"timestamp": "2025-05-15T21:28:56.170177Z", "level": "info", "hostname": "ghost", "app": "obsidian-to-json", "execution_id": "7048beed-fbb6-496d-85d6-aba2164dcbaa", "status": "capture_mode", "trigger": "manual", "env": "int", "message": "Switching capture mode to description"}
{"timestamp": "2025-05-15T21:28:56.170314Z", "level": "info", "hostname": "ghost", "app": "obsidian-to-json", "execution_id": "7048beed-fbb6-496d-85d6-aba2164dcbaa", "status": "new_subsection", "trigger": "manual", "env": "int", "message": "New subsection: Projects"}
{"timestamp": "2025-05-15T21:28:56.170416Z", "level": "info", "hostname": "ghost", "app": "obsidian-to-json", "execution_id": "7048beed-fbb6-496d-85d6-aba2164dcbaa", "status": "capture_mode", "trigger": "manual", "env": "int", "message": "Switching capture mode to bullets"}
{"timestamp": "2025-05-15T21:28:56.170537Z", "level": "info", "hostname": "ghost", "app": "obsidian-to-json", "execution_id": "7048beed-fbb6-496d-85d6-aba2164dcbaa", "status": "capture_mode", "trigger": "manual", "env": "int", "message": "Switching capture mode to description"}
{"timestamp": "2025-05-15T21:28:56.170662Z", "level": "info", "hostname": "ghost", "app": "obsidian-to-json", "execution_id": "7048beed-fbb6-496d-85d6-aba2164dcbaa", "status": "parsed_bullets", "trigger": "manual", "env": "int", "message": "Parsed bullets block with 8 bullets"}
{"timestamp": "2025-05-15T21:28:56.170786Z", "level": "info", "hostname": "ghost", "app": "obsidian-to-json", "execution_id": "7048beed-fbb6-496d-85d6-aba2164dcbaa", "status": "capture_mode", "trigger": "manual", "env": "int", "message": "Switching capture mode to commands"}
{"timestamp": "2025-05-15T21:28:56.170882Z", "level": "info", "hostname": "ghost", "app": "obsidian-to-json", "execution_id": "7048beed-fbb6-496d-85d6-aba2164dcbaa", "status": "new_subsection", "trigger": "manual", "env": "int", "message": "New subsection: Resources"}
{"timestamp": "2025-05-15T21:28:56.171008Z", "level": "info", "hostname": "ghost", "app": "obsidian-to-json", "execution_id": "7048beed-fbb6-496d-85d6-aba2164dcbaa", "status": "parsed_commands", "trigger": "manual", "env": "int", "message": "Parsed commands block with 2 commands"}
{"timestamp": "2025-05-15T21:28:56.171263Z", "level": "info", "hostname": "ghost", "app": "obsidian-to-json", "execution_id": "7048beed-fbb6-496d-85d6-aba2164dcbaa", "status": "parsed_links", "trigger": "manual", "env": "int", "message": "Auto-detected 'Resources' section or subsection, parsed 3 links"}
{"timestamp": "2025-05-15T21:28:56.171381Z", "level": "info", "hostname": "ghost", "app": "obsidian-to-json", "execution_id": "7048beed-fbb6-496d-85d6-aba2164dcbaa", "status": "new_subsection", "trigger": "manual", "env": "int", "message": "New subsection: Identity & Access Management"}
{"timestamp": "2025-05-15T21:28:56.171476Z", "level": "info", "hostname": "ghost", "app": "obsidian-to-json", "execution_id": "7048beed-fbb6-496d-85d6-aba2164dcbaa", "status": "finished_processing", "trigger": "manual", "env": "int", "message": "Finished processing markdown file /home/ghost/argus/04-archives/03-references/set-up-metadata-menu.md"}
{"timestamp": "2025-05-15T21:28:56.171620Z", "level": "info", "hostname": "ghost", "app": "obsidian-to-json", "execution_id": "7048beed-fbb6-496d-85d6-aba2164dcbaa", "status": "capture_mode", "trigger": "manual", "env": "int", "message": "Switching capture mode to description"}
{"timestamp": "2025-05-15T21:28:56.173576Z", "level": "info", "hostname": "ghost", "app": "obsidian-to-json", "execution_id": "7048beed-fbb6-496d-85d6-aba2164dcbaa", "status": "capture_mode", "trigger": "manual", "env": "int", "message": "Switching capture mode to commands"}
{"timestamp": "2025-05-15T21:28:56.173707Z", "level": "info", "hostname": "ghost", "app": "obsidian-to-json", "execution_id": "7048beed-fbb6-496d-85d6-aba2164dcbaa", "status": "parsed_commands", "trigger": "manual", "env": "int", "message": "Parsed commands block with 6 commands"}
{"timestamp": "2025-05-15T21:28:56.173882Z", "level": "info", "hostname": "ghost", "app": "obsidian-to-json", "execution_id": "7048beed-fbb6-496d-85d6-aba2164dcbaa", "status": "new_subsection", "trigger": "manual", "env": "int", "message": "New subsection: Docker & Google Kubernetes Engine (GKE)"}
{"timestamp": "2025-05-15T21:28:56.173993Z", "level": "info", "hostname": "ghost", "app": "obsidian-to-json", "execution_id": "7048beed-fbb6-496d-85d6-aba2164dcbaa", "status": "capture_mode", "trigger": "manual", "env": "int", "message": "Switching capture mode to description"}
{"timestamp": "2025-05-15T21:28:56.174082Z", "level": "info", "hostname": "ghost", "app": "obsidian-to-json", "execution_id": "7048beed-fbb6-496d-85d6-aba2164dcbaa", "status": "capture_mode", "trigger": "manual", "env": "int", "message": "Switching capture mode to commands"}
{"timestamp": "2025-05-15T21:28:56.174183Z", "level": "info", "hostname": "ghost", "app": "obsidian-to-json", "execution_id": "7048beed-fbb6-496d-85d6-aba2164dcbaa", "status": "parsed_commands", "trigger": "manual", "env": "int", "message": "Parsed commands block with 5 commands"}
{"timestamp": "2025-05-15T21:28:56.174271Z", "level": "info", "hostname": "ghost", "app": "obsidian-to-json", "execution_id": "7048beed-fbb6-496d-85d6-aba2164dcbaa", "status": "new_subsection", "trigger": "manual", "env": "int", "message": "New subsection: Virtual Machines & Compute Engine"}
{"timestamp": "2025-05-15T21:28:56.174352Z", "level": "info", "hostname": "ghost", "app": "obsidian-to-json", "execution_id": "7048beed-fbb6-496d-85d6-aba2164dcbaa", "status": "capture_mode", "trigger": "manual", "env": "int", "message": "Switching capture mode to description"}
{"timestamp": "2025-05-15T21:28:56.174438Z", "level": "info", "hostname": "ghost", "app": "obsidian-to-json", "execution_id": "7048beed-fbb6-496d-85d6-aba2164dcbaa", "status": "capture_mode", "trigger": "manual", "env": "int", "message": "Switching capture mode to commands"}
{"timestamp": "2025-05-15T21:28:56.174542Z", "level": "info", "hostname": "ghost", "app": "obsidian-to-json", "execution_id": "7048beed-fbb6-496d-85d6-aba2164dcbaa", "status": "parsed_commands", "trigger": "manual", "env": "int", "message": "Parsed commands block with 7 commands"}
{"timestamp": "2025-05-15T21:28:56.174644Z", "level": "info", "hostname": "ghost", "app": "obsidian-to-json", "execution_id": "7048beed-fbb6-496d-85d6-aba2164dcbaa", "status": "new_subsection", "trigger": "manual", "env": "int", "message": "New subsection: Serverless & App Engine"}
{"timestamp": "2025-05-15T21:28:56.174729Z", "level": "info", "hostname": "ghost", "app": "obsidian-to-json", "execution_id": "7048beed-fbb6-496d-85d6-aba2164dcbaa", "status": "capture_mode", "trigger": "manual", "env": "int", "message": "Switching capture mode to description"}
{"timestamp": "2025-05-15T21:28:56.174817Z", "level": "info", "hostname": "ghost", "app": "obsidian-to-json", "execution_id": "7048beed-fbb6-496d-85d6-aba2164dcbaa", "status": "capture_mode", "trigger": "manual", "env": "int", "message": "Switching capture mode to commands"}
{"timestamp": "2025-05-15T21:28:56.174923Z", "level": "info", "hostname": "ghost", "app": "obsidian-to-json", "execution_id": "7048beed-fbb6-496d-85d6-aba2164dcbaa", "status": "parsed_commands", "trigger": "manual", "env": "int", "message": "Parsed commands block with 5 commands"}
{"timestamp": "2025-05-15T21:28:56.175004Z", "level": "info", "hostname": "ghost", "app": "obsidian-to-json", "execution_id": "7048beed-fbb6-496d-85d6-aba2164dcbaa", "status": "new_subsection", "trigger": "manual", "env": "int", "message": "New subsection: Miscellaneous"}
{"timestamp": "2025-05-15T21:28:56.175086Z", "level": "info", "hostname": "ghost", "app": "obsidian-to-json", "execution_id": "7048beed-fbb6-496d-85d6-aba2164dcbaa", "status": "capture_mode", "trigger": "manual", "env": "int", "message": "Switching capture mode to description"}
{"timestamp": "2025-05-15T21:28:56.175173Z", "level": "info", "hostname": "ghost", "app": "obsidian-to-json", "execution_id": "7048beed-fbb6-496d-85d6-aba2164dcbaa", "status": "capture_mode", "trigger": "manual", "env": "int", "message": "Switching capture mode to commands"}
{"timestamp": "2025-05-15T21:28:56.175287Z", "level": "info", "hostname": "ghost", "app": "obsidian-to-json", "execution_id": "7048beed-fbb6-496d-85d6-aba2164dcbaa", "status": "parsed_commands", "trigger": "manual", "env": "int", "message": "Parsed commands block with 4 commands"}
{"timestamp": "2025-05-15T21:28:56.175380Z", "level": "info", "hostname": "ghost", "app": "obsidian-to-json", "execution_id": "7048beed-fbb6-496d-85d6-aba2164dcbaa", "status": "new_subsection", "trigger": "manual", "env": "int", "message": "New subsection: GCLOUD WIDE FLAGS"}
{"timestamp": "2025-05-15T21:28:56.175461Z", "level": "info", "hostname": "ghost", "app": "obsidian-to-json", "execution_id": "7048beed-fbb6-496d-85d6-aba2164dcbaa", "status": "capture_mode", "trigger": "manual", "env": "int", "message": "Switching capture mode to description"}
{"timestamp": "2025-05-15T21:28:56.175546Z", "level": "info", "hostname": "ghost", "app": "obsidian-to-json", "execution_id": "7048beed-fbb6-496d-85d6-aba2164dcbaa", "status": "capture_mode", "trigger": "manual", "env": "int", "message": "Switching capture mode to flags"}
{"timestamp": "2025-05-15T21:28:56.175698Z", "level": "info", "hostname": "ghost", "app": "obsidian-to-json", "execution_id": "7048beed-fbb6-496d-85d6-aba2164dcbaa", "status": "parsed_flags", "trigger": "manual", "env": "int", "message": "Parsed flags block with 15 flags"}
{"timestamp": "2025-05-15T21:28:56.175789Z", "level": "info", "hostname": "ghost", "app": "obsidian-to-json", "execution_id": "7048beed-fbb6-496d-85d6-aba2164dcbaa", "status": "finished_processing", "trigger": "manual", "env": "int", "message": "Finished processing markdown file /home/ghost/argus/04-archives/03-references/gcloud-cheat-sheet.md"}
{"timestamp": "2025-05-15T21:28:56.179033Z", "level": "error", "hostname": "ghost", "app": "obsidian-to-json", "execution_id": "7048beed-fbb6-496d-85d6-aba2164dcbaa", "status": "error", "trigger": "manual", "env": "int", "message": "Unexpected error during file processing", "destination_path": "/home/ghost/mythos/scripts/obsidian-to-json/output"}
{"timestamp": "2025-05-15T21:28:56.179111Z", "level": "info", "hostname": "ghost", "app": "obsidian-to-json", "execution_id": "7048beed-fbb6-496d-85d6-aba2164dcbaa", "status": "shutdown", "trigger": "manual", "env": "int", "message": "💀 Application ending. All logs flushed. Goblin out."}
{"timestamp": "2025-05-15T21:33:23.968683Z", "level": "info", "hostname": "ghost", "app": "obsidian-to-json", "execution_id": "996c5392-3a5d-439b-aade-74761e53a5f3", "status": "startup", "trigger": "manual", "env": "int", "message": "💥 Application starting"}
{"timestamp": "2025-05-15T21:33:23.973885Z", "level": "info", "hostname": "ghost", "app": "obsidian-to-json", "execution_id": "996c5392-3a5d-439b-aade-74761e53a5f3", "status": "scan_complete", "trigger": "manual", "env": "int", "message": "Processing result", "destination_path": "/home/ghost/argus/", "duration_sec": 0.01, "files_scanned": 71, "files_indexed": 3}
{"timestamp": "2025-05-15T21:33:23.976524Z", "level": "info", "hostname": "ghost", "app": "obsidian-to-json", "execution_id": "996c5392-3a5d-439b-aade-74761e53a5f3", "status": "start_processing", "trigger": "manual", "env": "int", "message": "Processing markdown file /home/ghost/argus/04-archives/03-references/gcloud-cheat-sheet.md"}
{"timestamp": "2025-05-15T21:33:23.977132Z", "level": "info", "hostname": "ghost", "app": "obsidian-to-json", "execution_id": "996c5392-3a5d-439b-aade-74761e53a5f3", "status": "new_section", "trigger": "manual", "env": "int", "message": "New main section: Google Cloud Cheat Sheet"}
{"timestamp": "2025-05-15T21:33:23.977196Z", "level": "info", "hostname": "ghost", "app": "obsidian-to-json", "execution_id": "996c5392-3a5d-439b-aade-74761e53a5f3", "status": "capture_mode", "trigger": "manual", "env": "int", "message": "Switching capture mode to description"}
{"timestamp": "2025-05-15T21:33:23.977243Z", "level": "info", "hostname": "ghost", "app": "obsidian-to-json", "execution_id": "996c5392-3a5d-439b-aade-74761e53a5f3", "status": "new_subsection", "trigger": "manual", "env": "int", "message": "New subsection: Getting started"}
{"timestamp": "2025-05-15T21:33:23.977407Z", "level": "info", "hostname": "ghost", "app": "obsidian-to-json", "execution_id": "996c5392-3a5d-439b-aade-74761e53a5f3", "status": "capture_mode", "trigger": "manual", "env": "int", "message": "Switching capture mode to description"}
{"timestamp": "2025-05-15T21:33:23.977456Z", "level": "info", "hostname": "ghost", "app": "obsidian-to-json", "execution_id": "996c5392-3a5d-439b-aade-74761e53a5f3", "status": "capture_mode", "trigger": "manual", "env": "int", "message": "Switching capture mode to commands"}
{"timestamp": "2025-05-15T21:33:23.977515Z", "level": "info", "hostname": "ghost", "app": "obsidian-to-json", "execution_id": "996c5392-3a5d-439b-aade-74761e53a5f3", "status": "parsed_commands", "trigger": "manual", "env": "int", "message": "Parsed commands block with 7 commands"}
{"timestamp": "2025-05-15T21:33:23.977558Z", "level": "info", "hostname": "ghost", "app": "obsidian-to-json", "execution_id": "996c5392-3a5d-439b-aade-74761e53a5f3", "status": "new_subsection", "trigger": "manual", "env": "int", "message": "New subsection: Help"}
{"timestamp": "2025-05-15T21:33:23.977618Z", "level": "info", "hostname": "ghost", "app": "obsidian-to-json", "execution_id": "996c5392-3a5d-439b-aade-74761e53a5f3", "status": "capture_mode", "trigger": "manual", "env": "int", "message": "Switching capture mode to description"}
{"timestamp": "2025-05-15T21:33:23.977656Z", "level": "info", "hostname": "ghost", "app": "obsidian-to-json", "execution_id": "996c5392-3a5d-439b-aade-74761e53a5f3", "status": "capture_mode", "trigger": "manual", "env": "int", "message": "Switching capture mode to commands"}
{"timestamp": "2025-05-15T21:33:23.977698Z", "level": "info", "hostname": "ghost", "app": "obsidian-to-json", "execution_id": "996c5392-3a5d-439b-aade-74761e53a5f3", "status": "parsed_commands", "trigger": "manual", "env": "int", "message": "Parsed commands block with 3 commands"}
{"timestamp": "2025-05-15T21:33:23.977736Z", "level": "info", "hostname": "ghost", "app": "obsidian-to-json", "execution_id": "996c5392-3a5d-439b-aade-74761e53a5f3", "status": "new_subsection", "trigger": "manual", "env": "int", "message": "New subsection: Personalization"}
{"timestamp": "2025-05-15T21:33:23.977771Z", "level": "info", "hostname": "ghost", "app": "obsidian-to-json", "execution_id": "996c5392-3a5d-439b-aade-74761e53a5f3", "status": "capture_mode", "trigger": "manual", "env": "int", "message": "Switching capture mode to description"}
{"timestamp": "2025-05-15T21:33:23.977807Z", "level": "info", "hostname": "ghost", "app": "obsidian-to-json", "execution_id": "996c5392-3a5d-439b-aade-74761e53a5f3", "status": "capture_mode", "trigger": "manual", "env": "int", "message": "Switching capture mode to commands"}
{"timestamp": "2025-05-15T21:33:23.977856Z", "level": "info", "hostname": "ghost", "app": "obsidian-to-json", "execution_id": "996c5392-3a5d-439b-aade-74761e53a5f3", "status": "parsed_commands", "trigger": "manual", "env": "int", "message": "Parsed commands block with 6 commands"}
{"timestamp": "2025-05-15T21:33:23.977900Z", "level": "info", "hostname": "ghost", "app": "obsidian-to-json", "execution_id": "996c5392-3a5d-439b-aade-74761e53a5f3", "status": "new_subsection", "trigger": "manual", "env": "int", "message": "New subsection: Credentials"}
{"timestamp": "2025-05-15T21:33:23.977944Z", "level": "info", "hostname": "ghost", "app": "obsidian-to-json", "execution_id": "996c5392-3a5d-439b-aade-74761e53a5f3", "status": "capture_mode", "trigger": "manual", "env": "int", "message": "Switching capture mode to description"}
{"timestamp": "2025-05-15T21:33:23.977989Z", "level": "info", "hostname": "ghost", "app": "obsidian-to-json", "execution_id": "996c5392-3a5d-439b-aade-74761e53a5f3", "status": "capture_mode", "trigger": "manual", "env": "int", "message": "Switching capture mode to commands"}
{"timestamp": "2025-05-15T21:33:23.978054Z", "level": "info", "hostname": "ghost", "app": "obsidian-to-json", "execution_id": "996c5392-3a5d-439b-aade-74761e53a5f3", "status": "parsed_commands", "trigger": "manual", "env": "int", "message": "Parsed commands block with 5 commands"}
{"timestamp": "2025-05-15T21:33:23.981242Z", "level": "info", "hostname": "ghost", "app": "obsidian-to-json", "execution_id": "996c5392-3a5d-439b-aade-74761e53a5f3", "status": "start_processing", "trigger": "manual", "env": "int", "message": "Processing markdown file /home/ghost/argus/04-archives/03-references/automated-daily-log-creation.md"}
{"timestamp": "2025-05-15T21:33:23.981339Z", "level": "info", "hostname": "ghost", "app": "obsidian-to-json", "execution_id": "996c5392-3a5d-439b-aade-74761e53a5f3", "status": "new_subsection", "trigger": "manual", "env": "int", "message": "New subsection: Projects"}
{"timestamp": "2025-05-15T21:33:23.982378Z", "level": "info", "hostname": "ghost", "app": "obsidian-to-json", "execution_id": "996c5392-3a5d-439b-aade-74761e53a5f3", "status": "start_processing", "trigger": "manual", "env": "int", "message": "Processing markdown file /home/ghost/argus/04-archives/03-references/set-up-metadata-menu.md"}
{"timestamp": "2025-05-15T21:33:23.982502Z", "level": "info", "hostname": "ghost", "app": "obsidian-to-json", "execution_id": "996c5392-3a5d-439b-aade-74761e53a5f3", "status": "capture_mode", "trigger": "manual", "env": "int", "message": "Switching capture mode to description"}
{"timestamp": "2025-05-15T21:33:23.982657Z", "level": "info", "hostname": "ghost", "app": "obsidian-to-json", "execution_id": "996c5392-3a5d-439b-aade-74761e53a5f3", "status": "capture_mode", "trigger": "manual", "env": "int", "message": "Switching capture mode to commands"}
{"timestamp": "2025-05-15T21:33:23.982701Z", "level": "info", "hostname": "ghost", "app": "obsidian-to-json", "execution_id": "996c5392-3a5d-439b-aade-74761e53a5f3", "status": "parsed_commands", "trigger": "manual", "env": "int", "message": "Parsed commands block with 2 commands"}
{"timestamp": "2025-05-15T21:33:23.982739Z", "level": "info", "hostname": "ghost", "app": "obsidian-to-json", "execution_id": "996c5392-3a5d-439b-aade-74761e53a5f3", "status": "new_subsection", "trigger": "manual", "env": "int", "message": "New subsection: Identity & Access Management"}
{"timestamp": "2025-05-15T21:33:23.982774Z", "level": "info", "hostname": "ghost", "app": "obsidian-to-json", "execution_id": "996c5392-3a5d-439b-aade-74761e53a5f3", "status": "capture_mode", "trigger": "manual", "env": "int", "message": "Switching capture mode to description"}
{"timestamp": "2025-05-15T21:33:23.982893Z", "level": "info", "hostname": "ghost", "app": "obsidian-to-json", "execution_id": "996c5392-3a5d-439b-aade-74761e53a5f3", "status": "capture_mode", "trigger": "manual", "env": "int", "message": "Switching capture mode to commands"}
{"timestamp": "2025-05-15T21:33:23.982958Z", "level": "info", "hostname": "ghost", "app": "obsidian-to-json", "execution_id": "996c5392-3a5d-439b-aade-74761e53a5f3", "status": "new_section", "trigger": "manual", "env": "int", "message": "New main section: Metadata Menu Settings"}
{"timestamp": "2025-05-15T21:33:23.983055Z", "level": "info", "hostname": "ghost", "app": "obsidian-to-json", "execution_id": "996c5392-3a5d-439b-aade-74761e53a5f3", "status": "parsed_commands", "trigger": "manual", "env": "int", "message": "Parsed commands block with 6 commands"}
{"timestamp": "2025-05-15T21:33:23.983212Z", "level": "info", "hostname": "ghost", "app": "obsidian-to-json", "execution_id": "996c5392-3a5d-439b-aade-74761e53a5f3", "status": "new_section", "trigger": "manual", "env": "int", "message": "New main section: Automate the Creation of Daily Logs (DEPRECATED)"}
{"timestamp": "2025-05-15T21:33:23.983319Z", "level": "info", "hostname": "ghost", "app": "obsidian-to-json", "execution_id": "996c5392-3a5d-439b-aade-74761e53a5f3", "status": "capture_mode", "trigger": "manual", "env": "int", "message": "Switching capture mode to description"}
{"timestamp": "2025-05-15T21:33:23.983370Z", "level": "info", "hostname": "ghost", "app": "obsidian-to-json", "execution_id": "996c5392-3a5d-439b-aade-74761e53a5f3", "status": "new_subsection", "trigger": "manual", "env": "int", "message": "New subsection: Docker & Google Kubernetes Engine (GKE)"}
{"timestamp": "2025-05-15T21:33:23.983598Z", "level": "info", "hostname": "ghost", "app": "obsidian-to-json", "execution_id": "996c5392-3a5d-439b-aade-74761e53a5f3", "status": "capture_mode", "trigger": "manual", "env": "int", "message": "Switching capture mode to description"}
{"timestamp": "2025-05-15T21:33:23.983709Z", "level": "info", "hostname": "ghost", "app": "obsidian-to-json", "execution_id": "996c5392-3a5d-439b-aade-74761e53a5f3", "status": "new_subsection", "trigger": "manual", "env": "int", "message": "New subsection: Class \"all\""}
{"timestamp": "2025-05-15T21:33:23.983769Z", "level": "info", "hostname": "ghost", "app": "obsidian-to-json", "execution_id": "996c5392-3a5d-439b-aade-74761e53a5f3", "status": "capture_mode", "trigger": "manual", "env": "int", "message": "Switching capture mode to description"}
{"timestamp": "2025-05-15T21:33:23.983949Z", "level": "info", "hostname": "ghost", "app": "obsidian-to-json", "execution_id": "996c5392-3a5d-439b-aade-74761e53a5f3", "status": "new_subsection", "trigger": "manual", "env": "int", "message": "New subsection: Challenges & Solutions"}
{"timestamp": "2025-05-15T21:33:23.984050Z", "level": "info", "hostname": "ghost", "app": "obsidian-to-json", "execution_id": "996c5392-3a5d-439b-aade-74761e53a5f3", "status": "capture_mode", "trigger": "manual", "env": "int", "message": "Switching capture mode to description"}
{"timestamp": "2025-05-15T21:33:23.984106Z", "level": "info", "hostname": "ghost", "app": "obsidian-to-json", "execution_id": "996c5392-3a5d-439b-aade-74761e53a5f3", "status": "capture_mode", "trigger": "manual", "env": "int", "message": "Switching capture mode to commands"}
{"timestamp": "2025-05-15T21:33:23.984294Z", "level": "info", "hostname": "ghost", "app": "obsidian-to-json", "execution_id": "996c5392-3a5d-439b-aade-74761e53a5f3", "status": "capture_mode", "trigger": "manual", "env": "int", "message": "Switching capture mode to description"}
{"timestamp": "2025-05-15T21:33:23.984394Z", "level": "info", "hostname": "ghost", "app": "obsidian-to-json", "execution_id": "996c5392-3a5d-439b-aade-74761e53a5f3", "status": "capture_mode", "trigger": "manual", "env": "int", "message": "Switching capture mode to bullets"}
{"timestamp": "2025-05-15T21:33:23.984453Z", "level": "info", "hostname": "ghost", "app": "obsidian-to-json", "execution_id": "996c5392-3a5d-439b-aade-74761e53a5f3", "status": "parsed_commands", "trigger": "manual", "env": "int", "message": "Parsed commands block with 5 commands"}
{"timestamp": "2025-05-15T21:33:23.984659Z", "level": "info", "hostname": "ghost", "app": "obsidian-to-json", "execution_id": "996c5392-3a5d-439b-aade-74761e53a5f3", "status": "capture_mode", "trigger": "manual", "env": "int", "message": "Switching capture mode to code"}
{"timestamp": "2025-05-15T21:33:23.984892Z", "level": "info", "hostname": "ghost", "app": "obsidian-to-json", "execution_id": "996c5392-3a5d-439b-aade-74761e53a5f3", "status": "parsed_bullets", "trigger": "manual", "env": "int", "message": "Parsed bullets block with 6 bullets"}
{"timestamp": "2025-05-15T21:33:23.984949Z", "level": "info", "hostname": "ghost", "app": "obsidian-to-json", "execution_id": "996c5392-3a5d-439b-aade-74761e53a5f3", "status": "new_subsection", "trigger": "manual", "env": "int", "message": "New subsection: Virtual Machines & Compute Engine"}
{"timestamp": "2025-05-15T21:33:23.985153Z", "level": "info", "hostname": "ghost", "app": "obsidian-to-json", "execution_id": "996c5392-3a5d-439b-aade-74761e53a5f3", "status": "new_subsection", "trigger": "manual", "env": "int", "message": "New subsection: Create a .timer file"}
{"timestamp": "2025-05-15T21:33:23.985254Z", "level": "info", "hostname": "ghost", "app": "obsidian-to-json", "execution_id": "996c5392-3a5d-439b-aade-74761e53a5f3", "status": "new_subsection", "trigger": "manual", "env": "int", "message": "New subsection: Class \"projects\""}
{"timestamp": "2025-05-15T21:33:23.985308Z", "level": "info", "hostname": "ghost", "app": "obsidian-to-json", "execution_id": "996c5392-3a5d-439b-aade-74761e53a5f3", "status": "capture_mode", "trigger": "manual", "env": "int", "message": "Switching capture mode to description"}
{"timestamp": "2025-05-15T21:33:23.985468Z", "level": "info", "hostname": "ghost", "app": "obsidian-to-json", "execution_id": "996c5392-3a5d-439b-aade-74761e53a5f3", "status": "capture_mode", "trigger": "manual", "env": "int", "message": "Switching capture mode to description"}
{"timestamp": "2025-05-15T21:33:23.985578Z", "level": "info", "hostname": "ghost", "app": "obsidian-to-json", "execution_id": "996c5392-3a5d-439b-aade-74761e53a5f3", "status": "capture_mode", "trigger": "manual", "env": "int", "message": "Switching capture mode to description"}
{"timestamp": "2025-05-15T21:33:23.985634Z", "level": "info", "hostname": "ghost", "app": "obsidian-to-json", "execution_id": "996c5392-3a5d-439b-aade-74761e53a5f3", "status": "capture_mode", "trigger": "manual", "env": "int", "message": "Switching capture mode to commands"}
{"timestamp": "2025-05-15T21:33:23.985832Z", "level": "info", "hostname": "ghost", "app": "obsidian-to-json", "execution_id": "996c5392-3a5d-439b-aade-74761e53a5f3", "status": "capture_mode", "trigger": "manual", "env": "int", "message": "Switching capture mode to code"}
{"timestamp": "2025-05-15T21:33:23.985937Z", "level": "info", "hostname": "ghost", "app": "obsidian-to-json", "execution_id": "996c5392-3a5d-439b-aade-74761e53a5f3", "status": "capture_mode", "trigger": "manual", "env": "int", "message": "Switching capture mode to bullets"}
{"timestamp": "2025-05-15T21:33:23.986002Z", "level": "info", "hostname": "ghost", "app": "obsidian-to-json", "execution_id": "996c5392-3a5d-439b-aade-74761e53a5f3", "status": "parsed_commands", "trigger": "manual", "env": "int", "message": "Parsed commands block with 7 commands"}
{"timestamp": "2025-05-15T21:33:23.986197Z", "level": "info", "hostname": "ghost", "app": "obsidian-to-json", "execution_id": "996c5392-3a5d-439b-aade-74761e53a5f3", "status": "new_subsection", "trigger": "manual", "env": "int", "message": "New subsection: Create the .service in"}
{"timestamp": "2025-05-15T21:33:23.986305Z", "level": "info", "hostname": "ghost", "app": "obsidian-to-json", "execution_id": "996c5392-3a5d-439b-aade-74761e53a5f3", "status": "parsed_bullets", "trigger": "manual", "env": "int", "message": "Parsed bullets block with 0 bullets"}
{"timestamp": "2025-05-15T21:33:23.986357Z", "level": "info", "hostname": "ghost", "app": "obsidian-to-json", "execution_id": "996c5392-3a5d-439b-aade-74761e53a5f3", "status": "new_subsection", "trigger": "manual", "env": "int", "message": "New subsection: Serverless & App Engine"}
{"timestamp": "2025-05-15T21:33:23.986518Z", "level": "info", "hostname": "ghost", "app": "obsidian-to-json", "execution_id": "996c5392-3a5d-439b-aade-74761e53a5f3", "status": "capture_mode", "trigger": "manual", "env": "int", "message": "Switching capture mode to description"}
{"timestamp": "2025-05-15T21:33:23.986619Z", "level": "info", "hostname": "ghost", "app": "obsidian-to-json", "execution_id": "996c5392-3a5d-439b-aade-74761e53a5f3", "status": "new_subsection", "trigger": "manual", "env": "int", "message": "New subsection: Class \"references\""}
{"timestamp": "2025-05-15T21:33:23.986672Z", "level": "info", "hostname": "ghost", "app": "obsidian-to-json", "execution_id": "996c5392-3a5d-439b-aade-74761e53a5f3", "status": "capture_mode", "trigger": "manual", "env": "int", "message": "Switching capture mode to description"}
{"timestamp": "2025-05-15T21:33:23.986843Z", "level": "info", "hostname": "ghost", "app": "obsidian-to-json", "execution_id": "996c5392-3a5d-439b-aade-74761e53a5f3", "status": "capture_mode", "trigger": "manual", "env": "int", "message": "Switching capture mode to code"}
{"timestamp": "2025-05-15T21:33:23.986940Z", "level": "info", "hostname": "ghost", "app": "obsidian-to-json", "execution_id": "996c5392-3a5d-439b-aade-74761e53a5f3", "status": "capture_mode", "trigger": "manual", "env": "int", "message": "Switching capture mode to description"}
{"timestamp": "2025-05-15T21:33:23.986995Z", "level": "info", "hostname": "ghost", "app": "obsidian-to-json", "execution_id": "996c5392-3a5d-439b-aade-74761e53a5f3", "status": "capture_mode", "trigger": "manual", "env": "int", "message": "Switching capture mode to commands"}
{"timestamp": "2025-05-15T21:33:23.987188Z", "level": "info", "hostname": "ghost", "app": "obsidian-to-json", "execution_id": "996c5392-3a5d-439b-aade-74761e53a5f3", "status": "new_subsection", "trigger": "manual", "env": "int", "message": "New subsection: Activate the new service."}
{"timestamp": "2025-05-15T21:33:23.987298Z", "level": "info", "hostname": "ghost", "app": "obsidian-to-json", "execution_id": "996c5392-3a5d-439b-aade-74761e53a5f3", "status": "new_subsection", "trigger": "manual", "env": "int", "message": "New subsection: Class \"tasks\""}
{"timestamp": "2025-05-15T21:33:23.987357Z", "level": "info", "hostname": "ghost", "app": "obsidian-to-json", "execution_id": "996c5392-3a5d-439b-aade-74761e53a5f3", "status": "parsed_commands", "trigger": "manual", "env": "int", "message": "Parsed commands block with 5 commands"}
{"timestamp": "2025-05-15T21:33:23.987702Z", "level": "info", "hostname": "ghost", "app": "obsidian-to-json", "execution_id": "996c5392-3a5d-439b-aade-74761e53a5f3", "status": "new_subsection", "trigger": "manual", "env": "int", "message": "New subsection: Miscellaneous"}
{"timestamp": "2025-05-15T21:33:23.987649Z", "level": "info", "hostname": "ghost", "app": "obsidian-to-json", "execution_id": "996c5392-3a5d-439b-aade-74761e53a5f3", "status": "capture_mode", "trigger": "manual", "env": "int", "message": "Switching capture mode to description"}
{"timestamp": "2025-05-15T21:33:23.987531Z", "level": "info", "hostname": "ghost", "app": "obsidian-to-json", "execution_id": "996c5392-3a5d-439b-aade-74761e53a5f3", "status": "capture_mode", "trigger": "manual", "env": "int", "message": "Switching capture mode to code"}
{"timestamp": "2025-05-15T21:33:23.987741Z", "level": "info", "hostname": "ghost", "app": "obsidian-to-json", "execution_id": "996c5392-3a5d-439b-aade-74761e53a5f3", "status": "capture_mode", "trigger": "manual", "env": "int", "message": "Switching capture mode to description"}
{"timestamp": "2025-05-15T21:33:23.987793Z", "level": "info", "hostname": "ghost", "app": "obsidian-to-json", "execution_id": "996c5392-3a5d-439b-aade-74761e53a5f3", "status": "new_subsection", "trigger": "manual", "env": "int", "message": "New subsection: Class \"readme.md\""}
{"timestamp": "2025-05-15T21:33:23.987977Z", "level": "info", "hostname": "ghost", "app": "obsidian-to-json", "execution_id": "996c5392-3a5d-439b-aade-74761e53a5f3", "status": "new_subsection", "trigger": "manual", "env": "int", "message": "New subsection: Main process exited, code=exited, status=1/FAILURE"}
{"timestamp": "2025-05-15T21:33:23.988065Z", "level": "info", "hostname": "ghost", "app": "obsidian-to-json", "execution_id": "996c5392-3a5d-439b-aade-74761e53a5f3", "status": "capture_mode", "trigger": "manual", "env": "int", "message": "Switching capture mode to commands"}
{"timestamp": "2025-05-15T21:33:23.988122Z", "level": "info", "hostname": "ghost", "app": "obsidian-to-json", "execution_id": "996c5392-3a5d-439b-aade-74761e53a5f3", "status": "capture_mode", "trigger": "manual", "env": "int", "message": "Switching capture mode to description"}
{"timestamp": "2025-05-15T21:33:23.988301Z", "level": "info", "hostname": "ghost", "app": "obsidian-to-json", "execution_id": "996c5392-3a5d-439b-aade-74761e53a5f3", "status": "capture_mode", "trigger": "manual", "env": "int", "message": "Switching capture mode to description"}
{"timestamp": "2025-05-15T21:33:23.988394Z", "level": "info", "hostname": "ghost", "app": "obsidian-to-json", "execution_id": "996c5392-3a5d-439b-aade-74761e53a5f3", "status": "parsed_commands", "trigger": "manual", "env": "int", "message": "Parsed commands block with 4 commands"}
{"timestamp": "2025-05-15T21:33:23.988451Z", "level": "info", "hostname": "ghost", "app": "obsidian-to-json", "execution_id": "996c5392-3a5d-439b-aade-74761e53a5f3", "status": "new_subsection", "trigger": "manual", "env": "int", "message": "New subsection: Class Config Locations"}
{"timestamp": "2025-05-15T21:33:23.988655Z", "level": "info", "hostname": "ghost", "app": "obsidian-to-json", "execution_id": "996c5392-3a5d-439b-aade-74761e53a5f3", "status": "capture_mode", "trigger": "manual", "env": "int", "message": "Switching capture mode to code"}
{"timestamp": "2025-05-15T21:33:23.988743Z", "level": "info", "hostname": "ghost", "app": "obsidian-to-json", "execution_id": "996c5392-3a5d-439b-aade-74761e53a5f3", "status": "new_subsection", "trigger": "manual", "env": "int", "message": "New subsection: GCLOUD WIDE FLAGS"}
{"timestamp": "2025-05-15T21:33:23.988811Z", "level": "info", "hostname": "ghost", "app": "obsidian-to-json", "execution_id": "996c5392-3a5d-439b-aade-74761e53a5f3", "status": "new_subsection", "trigger": "manual", "env": "int", "message": "New subsection: Parking Lot"}
{"timestamp": "2025-05-15T21:33:23.989006Z", "level": "info", "hostname": "ghost", "app": "obsidian-to-json", "execution_id": "996c5392-3a5d-439b-aade-74761e53a5f3", "status": "finished_processing", "trigger": "manual", "env": "int", "message": "Finished processing markdown file /home/ghost/argus/04-archives/03-references/automated-daily-log-creation.md"}
{"timestamp": "2025-05-15T21:33:23.989092Z", "level": "info", "hostname": "ghost", "app": "obsidian-to-json", "execution_id": "996c5392-3a5d-439b-aade-74761e53a5f3", "status": "capture_mode", "trigger": "manual", "env": "int", "message": "Switching capture mode to description"}
{"timestamp": "2025-05-15T21:33:23.989147Z", "level": "info", "hostname": "ghost", "app": "obsidian-to-json", "execution_id": "996c5392-3a5d-439b-aade-74761e53a5f3", "status": "capture_mode", "trigger": "manual", "env": "int", "message": "Switching capture mode to description"}
{"timestamp": "2025-05-15T21:33:23.989397Z", "level": "info", "hostname": "ghost", "app": "obsidian-to-json", "execution_id": "996c5392-3a5d-439b-aade-74761e53a5f3", "status": "capture_mode", "trigger": "manual", "env": "int", "message": "Switching capture mode to flags"}
{"timestamp": "2025-05-15T21:33:23.989452Z", "level": "info", "hostname": "ghost", "app": "obsidian-to-json", "execution_id": "996c5392-3a5d-439b-aade-74761e53a5f3", "status": "capture_mode", "trigger": "manual", "env": "int", "message": "Switching capture mode to bullets"}
{"timestamp": "2025-05-15T21:33:23.989524Z", "level": "info", "hostname": "ghost", "app": "obsidian-to-json", "execution_id": "996c5392-3a5d-439b-aade-74761e53a5f3", "status": "parsed_flags", "trigger": "manual", "env": "int", "message": "Parsed flags block with 15 flags"}
{"timestamp": "2025-05-15T21:33:23.989601Z", "level": "info", "hostname": "ghost", "app": "obsidian-to-json", "execution_id": "996c5392-3a5d-439b-aade-74761e53a5f3", "status": "parsed_bullets", "trigger": "manual", "env": "int", "message": "Parsed bullets block with 8 bullets"}
{"timestamp": "2025-05-15T21:33:23.989661Z", "level": "info", "hostname": "ghost", "app": "obsidian-to-json", "execution_id": "996c5392-3a5d-439b-aade-74761e53a5f3", "status": "finished_processing", "trigger": "manual", "env": "int", "message": "Finished processing markdown file /home/ghost/argus/04-archives/03-references/gcloud-cheat-sheet.md"}
{"timestamp": "2025-05-15T21:33:23.989751Z", "level": "info", "hostname": "ghost", "app": "obsidian-to-json", "execution_id": "996c5392-3a5d-439b-aade-74761e53a5f3", "status": "new_subsection", "trigger": "manual", "env": "int", "message": "New subsection: Resources"}
{"timestamp": "2025-05-15T21:33:23.989964Z", "level": "info", "hostname": "ghost", "app": "obsidian-to-json", "execution_id": "996c5392-3a5d-439b-aade-74761e53a5f3", "status": "parsed_links", "trigger": "manual", "env": "int", "message": "Auto-detected 'Resources' section or subsection, parsed 3 links"}
{"timestamp": "2025-05-15T21:33:23.991555Z", "level": "info", "hostname": "ghost", "app": "obsidian-to-json", "execution_id": "996c5392-3a5d-439b-aade-74761e53a5f3", "status": "finished_processing", "trigger": "manual", "env": "int", "message": "Finished processing markdown file /home/ghost/argus/04-archives/03-references/set-up-metadata-menu.md"}
{"timestamp": "2025-05-15T21:33:23.997046Z", "level": "info", "hostname": "ghost", "app": "obsidian-to-json", "execution_id": "996c5392-3a5d-439b-aade-74761e53a5f3", "status": "converted", "trigger": "manual", "env": "int", "message": "file converted with success"}
{"timestamp": "2025-05-15T21:33:23.997472Z", "level": "info", "hostname": "ghost", "app": "obsidian-to-json", "execution_id": "996c5392-3a5d-439b-aade-74761e53a5f3", "status": "converted", "trigger": "manual", "env": "int", "message": "file converted with success"}
{"timestamp": "2025-05-15T21:33:23.997788Z", "level": "info", "hostname": "ghost", "app": "obsidian-to-json", "execution_id": "996c5392-3a5d-439b-aade-74761e53a5f3", "status": "converted", "trigger": "manual", "env": "int", "message": "file converted with success"}
{"timestamp": "2025-05-15T21:33:23.998126Z", "level": "info", "hostname": "ghost", "app": "obsidian-to-json", "execution_id": "996c5392-3a5d-439b-aade-74761e53a5f3", "status": "indexed_combined", "trigger": "manual", "env": "int", "message": "Processing result", "duration_sec": 0.02, "files_indexed": 3}
{"timestamp": "2025-05-15T21:33:23.998213Z", "level": "info", "hostname": "ghost", "app": "obsidian-to-json", "execution_id": "996c5392-3a5d-439b-aade-74761e53a5f3", "status": "shutdown", "trigger": "manual", "env": "int", "message": "💀 Application ending. All logs flushed. Goblin out."}
